[debug] [2022-05-08T15:26:31.934Z] ----------------------------------------------------------------------
[debug] [2022-05-08T15:26:31.937Z] Command:       F:\Programs files\node.exe C:\Users\SIAM\AppData\Roaming\npm\node_modules\firebase-tools\lib\bin\firebase.js deploy
[debug] [2022-05-08T15:26:31.938Z] CLI Version:   10.7.2
[debug] [2022-05-08T15:26:31.938Z] Platform:      win32
[debug] [2022-05-08T15:26:31.938Z] Node Version:  v16.13.1
[debug] [2022-05-08T15:26:31.940Z] Time:          Sun May 08 2022 21:26:31 GMT+0600 (Bangladesh Standard Time)
[debug] [2022-05-08T15:26:31.940Z] ----------------------------------------------------------------------
[debug] 
[debug] [2022-05-08T15:26:32.050Z] > command requires scopes: ["email","openid","https://www.googleapis.com/auth/cloudplatformprojects.readonly","https://www.googleapis.com/auth/firebase","https://www.googleapis.com/auth/cloud-platform"]
[debug] [2022-05-08T15:26:32.050Z] > authorizing via signed-in user (issiam02415@gmail.com)
[debug] [2022-05-08T15:26:32.050Z] [iam] checking project phone-factor for permissions ["firebase.projects.get","firebasehosting.sites.update"]
[debug] [2022-05-08T15:26:32.053Z] >>> [apiv2][query] POST https://cloudresourcemanager.googleapis.com/v1/projects/phone-factor:testIamPermissions [none]
[debug] [2022-05-08T15:26:32.054Z] >>> [apiv2][body] POST https://cloudresourcemanager.googleapis.com/v1/projects/phone-factor:testIamPermissions {"permissions":["firebase.projects.get","firebasehosting.sites.update"]}
[debug] [2022-05-08T15:26:33.531Z] <<< [apiv2][status] POST https://cloudresourcemanager.googleapis.com/v1/projects/phone-factor:testIamPermissions 200
[debug] [2022-05-08T15:26:33.531Z] <<< [apiv2][body] POST https://cloudresourcemanager.googleapis.com/v1/projects/phone-factor:testIamPermissions {"permissions":["firebase.projects.get","firebasehosting.sites.update"]}
[debug] [2022-05-08T15:26:33.534Z] >>> [apiv2][query] GET https://firebase.googleapis.com/v1beta1/projects/phone-factor [none]
[debug] [2022-05-08T15:26:34.333Z] <<< [apiv2][status] GET https://firebase.googleapis.com/v1beta1/projects/phone-factor 200
[debug] [2022-05-08T15:26:34.334Z] <<< [apiv2][body] GET https://firebase.googleapis.com/v1beta1/projects/phone-factor {"projectId":"phone-factor","projectNumber":"576841479636","displayName":"phone-factor","name":"projects/phone-factor","resources":{"hostingSite":"phone-factor"},"state":"ACTIVE"}
[info] 
[info] === Deploying to 'phone-factor'...
[info] 
[info] i  deploying hosting 
[debug] [2022-05-08T15:26:34.340Z] >>> [apiv2][query] GET https://firebase.googleapis.com/v1beta1/projects/phone-factor [none]
[debug] [2022-05-08T15:26:35.120Z] <<< [apiv2][status] GET https://firebase.googleapis.com/v1beta1/projects/phone-factor 200
[debug] [2022-05-08T15:26:35.120Z] <<< [apiv2][body] GET https://firebase.googleapis.com/v1beta1/projects/phone-factor {"projectId":"phone-factor","projectNumber":"576841479636","displayName":"phone-factor","name":"projects/phone-factor","resources":{"hostingSite":"phone-factor"},"state":"ACTIVE"}
[debug] [2022-05-08T15:26:35.129Z] >>> [apiv2][query] POST https://firebasehosting.googleapis.com/v1beta1/projects/576841479636/sites/phone-factor/versions [none]
[debug] [2022-05-08T15:26:35.129Z] >>> [apiv2][body] POST https://firebasehosting.googleapis.com/v1beta1/projects/576841479636/sites/phone-factor/versions {"config":{"rewrites":[{"glob":"**","path":"/index.html"}]},"labels":{"deployment-tool":"cli-firebase"}}
[debug] [2022-05-08T15:26:38.964Z] <<< [apiv2][status] POST https://firebasehosting.googleapis.com/v1beta1/projects/576841479636/sites/phone-factor/versions 200
[debug] [2022-05-08T15:26:38.965Z] <<< [apiv2][body] POST https://firebasehosting.googleapis.com/v1beta1/projects/576841479636/sites/phone-factor/versions {"name":"projects/576841479636/sites/phone-factor/versions/2741f7d4afbc24ab","status":"CREATED","config":{"rewrites":[{"glob":"**","path":"/index.html"}]},"labels":{"deployment-tool":"cli-firebase"}}
[info] i  hosting[phone-factor]: beginning deploy... 
[info] i  hosting[phone-factor]: found 23 files in build 
[debug] [2022-05-08T15:26:39.009Z] [hosting] uploading with 200 concurrency
[debug] [2022-05-08T15:26:40.119Z] [hosting] hash cache [YnVpbGQ] stored for 23 files
[debug] [2022-05-08T15:26:40.120Z] [hosting][hash queue][FINAL] {"max":1094,"min":5,"avg":97.08695652173913,"active":0,"complete":23,"success":23,"errored":0,"retried":0,"total":23,"elapsed":1103}
[debug] [2022-05-08T15:26:40.120Z] >>> [apiv2][query] POST https://firebasehosting.googleapis.com/v1beta1/projects/576841479636/sites/phone-factor/versions/2741f7d4afbc24ab:populateFiles [none]
[debug] [2022-05-08T15:26:40.121Z] >>> [apiv2][body] POST https://firebasehosting.googleapis.com/v1beta1/projects/576841479636/sites/phone-factor/versions/2741f7d4afbc24ab:populateFiles {"files":{"/favicon.ico":"6ffe632f12a609f208afa43ace798011bb2c968921cf5aa3ae98520da948ba63","/logo192.png":"3ee59515172ee198f3be375979df15ac5345183e656720a381b8872b2a39dc8b","/logo512.png":"ee7e2f3fdb8209c4b6fd7bef6ba50d1b9dba30a25bb5c3126df057e1cb6f5331","/manifest.json":"aff3449bdc238776f5d6d967f19ec491b36aed5fb7f23ccff6500736fd58494a","/robots.txt":"bfe106a3fb878dc83461c86818bf74fc1bdc7f28538ba613cd3e775516ce8b49","/_redirects":"7b9214174f33483c60418a3caf9171af44f3c412dccac2e7265937ee03032750","/asset-manifest.json":"211e583206357c9c4ef40b4777a3d52bc3ccb0b95f0780389e10330164481208","/index.html":"e19ba97a48309368555744987b4537933bfa2dbf6c8bfc0616f2739d06b835fc","/static/js/787.9e75370c.chunk.js":"c65a47dacb2e41b00f149df6dbda3569bf08d15b8fce9e4f18d100ccca0741dc","/static/js/787.9e75370c.chunk.js.map":"3140c98a88da0baf72d7f8d774d1db562071a0771afc853956159b0177f49971","/static/js/main.b08d7a12.js.LICENSE.txt":"980850d0c97fc4da1718320dcc140b4bafb239b14275f3a5d9640098e064ab8a","/static/css/main.d65ad65d.css.map":"b8d51ab794db2a4a23b42e13d9d8650854159fe84b2ef6291a4557de93c4f729","/static/media/slick.2630a3e3eab21c607e21.svg":"d00477d40ed40fa1dd3bdee27d9286804121b15fea83bae7d5415d902b055de0","/static/media/slick.295183786cd8a1389865.woff":"029a727c9e1081d2f9e1015f02f18da88f268512ea4f58589a6f17f532928530","/static/media/slick.a4e97f5a2a64f0ab1323.eot":"52b9a169969e053d43df6bd21c4dc789c2518d99afd8590a17ef50cd24c77cf6","/static/media/slick.c94f7671dcc99dce43e2.ttf":"6aad751007cf9a89350af287f824ab64f096c472c7c9c679fb3d55b6174fc004","/static/css/main.d65ad65d.css":"2ed70efb158378b44e3e6c5ac95f22ab013c21cf71bee85123fb5a72f65ba980","/static/js/main.b08d7a12.js":"54d90dcfdc18b7420dd4dbf16a09711de23442574938c620f138f95c9fa3089f","/static/media/not-found.5bf36d1167df9032289a.png":"50a5cce166e03b199f40a43dff295d167f801fc8c89c29549a94709a8fe7a7a3","/static/media/slider-image-3.3ad6c9c4070ce95a1069.jpg":"501e65914a55b83743bee434d829917998018952b3f01ba218a9b9965d33cc01","/static/media/slider-image-2.56ecf9b1702cd36c36b1.jpg":"345569530a6d084af20172b82d9baf507dcdc523924dccc1afa88acb865e811c","/static/media/slider-image-1.d5befa04c1820100e556.jpg":"fd902d6991ed5f01abc27ef39ac1878bd362dba826996661091db48570f69c4b","/static/js/main.b08d7a12.js.map":"7cc07b4344e3a7e6ba3b50aaffd3805c9a22800124b4f2f682eba11a5e0f6bb1"}}
[info] i  hosting: adding files to version [0/23] (0%) 
[debug] [2022-05-08T15:26:41.738Z] <<< [apiv2][status] POST https://firebasehosting.googleapis.com/v1beta1/projects/576841479636/sites/phone-factor/versions/2741f7d4afbc24ab:populateFiles 200
[debug] [2022-05-08T15:26:41.740Z] <<< [apiv2][body] POST https://firebasehosting.googleapis.com/v1beta1/projects/576841479636/sites/phone-factor/versions/2741f7d4afbc24ab:populateFiles {"uploadRequiredHashes":["54d90dcfdc18b7420dd4dbf16a09711de23442574938c620f138f95c9fa3089f","7cc07b4344e3a7e6ba3b50aaffd3805c9a22800124b4f2f682eba11a5e0f6bb1","e19ba97a48309368555744987b4537933bfa2dbf6c8bfc0616f2739d06b835fc","211e583206357c9c4ef40b4777a3d52bc3ccb0b95f0780389e10330164481208"],"uploadUrl":"https://upload-firebasehosting.googleapis.com/upload/sites/phone-factor/versions/2741f7d4afbc24ab/files"}
[debug] [2022-05-08T15:26:41.749Z] >>> [apiv2][query] POST https://upload-firebasehosting.googleapis.com/upload/sites/phone-factor/versions/2741f7d4afbc24ab/files/54d90dcfdc18b7420dd4dbf16a09711de23442574938c620f138f95c9fa3089f [none]
[debug] [2022-05-08T15:26:41.749Z] >>> [apiv2][body] POST https://upload-firebasehosting.googleapis.com/upload/sites/phone-factor/versions/2741f7d4afbc24ab/files/54d90dcfdc18b7420dd4dbf16a09711de23442574938c620f138f95c9fa3089f [stream]
[debug] [2022-05-08T15:26:41.756Z] >>> [apiv2][query] POST https://upload-firebasehosting.googleapis.com/upload/sites/phone-factor/versions/2741f7d4afbc24ab/files/7cc07b4344e3a7e6ba3b50aaffd3805c9a22800124b4f2f682eba11a5e0f6bb1 [none]
[debug] [2022-05-08T15:26:41.757Z] >>> [apiv2][body] POST https://upload-firebasehosting.googleapis.com/upload/sites/phone-factor/versions/2741f7d4afbc24ab/files/7cc07b4344e3a7e6ba3b50aaffd3805c9a22800124b4f2f682eba11a5e0f6bb1 [stream]
[debug] [2022-05-08T15:26:41.760Z] >>> [apiv2][query] POST https://upload-firebasehosting.googleapis.com/upload/sites/phone-factor/versions/2741f7d4afbc24ab/files/e19ba97a48309368555744987b4537933bfa2dbf6c8bfc0616f2739d06b835fc [none]
[debug] [2022-05-08T15:26:41.760Z] >>> [apiv2][body] POST https://upload-firebasehosting.googleapis.com/upload/sites/phone-factor/versions/2741f7d4afbc24ab/files/e19ba97a48309368555744987b4537933bfa2dbf6c8bfc0616f2739d06b835fc [stream]
[debug] [2022-05-08T15:26:41.763Z] >>> [apiv2][query] POST https://upload-firebasehosting.googleapis.com/upload/sites/phone-factor/versions/2741f7d4afbc24ab/files/211e583206357c9c4ef40b4777a3d52bc3ccb0b95f0780389e10330164481208 [none]
[debug] [2022-05-08T15:26:41.763Z] >>> [apiv2][body] POST https://upload-firebasehosting.googleapis.com/upload/sites/phone-factor/versions/2741f7d4afbc24ab/files/211e583206357c9c4ef40b4777a3d52bc3ccb0b95f0780389e10330164481208 [stream]
[debug] [2022-05-08T15:26:41.769Z] [hosting][populate queue][FINAL] {"max":1631,"min":1631,"avg":1631,"active":0,"complete":1,"success":1,"errored":0,"retried":0,"total":1,"elapsed":1652}
[debug] [2022-05-08T15:26:41.769Z] [hosting] uploads queued: 4
[info] i  hosting: uploading new files [0/4] (0%) 
[debug] [2022-05-08T15:26:43.488Z] <<< [apiv2][status] POST https://upload-firebasehosting.googleapis.com/upload/sites/phone-factor/versions/2741f7d4afbc24ab/files/211e583206357c9c4ef40b4777a3d52bc3ccb0b95f0780389e10330164481208 200
[debug] [2022-05-08T15:26:43.488Z] <<< [apiv2][body] POST https://upload-firebasehosting.googleapis.com/upload/sites/phone-factor/versions/2741f7d4afbc24ab/files/211e583206357c9c4ef40b4777a3d52bc3ccb0b95f0780389e10330164481208 [stream]
[debug] [2022-05-08T15:26:44.014Z] <<< [apiv2][status] POST https://upload-firebasehosting.googleapis.com/upload/sites/phone-factor/versions/2741f7d4afbc24ab/files/e19ba97a48309368555744987b4537933bfa2dbf6c8bfc0616f2739d06b835fc 200
[debug] [2022-05-08T15:26:44.014Z] <<< [apiv2][body] POST https://upload-firebasehosting.googleapis.com/upload/sites/phone-factor/versions/2741f7d4afbc24ab/files/e19ba97a48309368555744987b4537933bfa2dbf6c8bfc0616f2739d06b835fc [stream]
[info] i  hosting: uploading new files [2/4] (50%) 
[debug] [2022-05-08T15:26:45.838Z] <<< [apiv2][status] POST https://upload-firebasehosting.googleapis.com/upload/sites/phone-factor/versions/2741f7d4afbc24ab/files/54d90dcfdc18b7420dd4dbf16a09711de23442574938c620f138f95c9fa3089f 200
[debug] [2022-05-08T15:26:45.839Z] <<< [apiv2][body] POST https://upload-firebasehosting.googleapis.com/upload/sites/phone-factor/versions/2741f7d4afbc24ab/files/54d90dcfdc18b7420dd4dbf16a09711de23442574938c620f138f95c9fa3089f [stream]
[debug] [2022-05-08T15:26:46.322Z] <<< [apiv2][status] POST https://upload-firebasehosting.googleapis.com/upload/sites/phone-factor/versions/2741f7d4afbc24ab/files/7cc07b4344e3a7e6ba3b50aaffd3805c9a22800124b4f2f682eba11a5e0f6bb1 200
[debug] [2022-05-08T15:26:46.322Z] <<< [apiv2][body] POST https://upload-firebasehosting.googleapis.com/upload/sites/phone-factor/versions/2741f7d4afbc24ab/files/7cc07b4344e3a7e6ba3b50aaffd3805c9a22800124b4f2f682eba11a5e0f6bb1 [stream]
[debug] [2022-05-08T15:26:46.323Z] [hosting][upload queue][FINAL] {"max":4577,"min":1740,"avg":3170.75,"active":0,"complete":4,"success":4,"errored":0,"retried":0,"total":4,"elapsed":4582}
[info] +  hosting[phone-factor]: file upload complete 
[debug] [2022-05-08T15:26:46.326Z] [hosting] deploy completed after 7358ms
[debug] [2022-05-08T15:26:46.341Z] [
  {
    "config": {
      "public": "build",
      "ignore": [
        "firebase.json",
        "**/.*",
        "**/node_modules/**"
      ],
      "rewrites": [
        {
          "source": "**",
          "destination": "/index.html"
        }
      ],
      "site": "phone-factor"
    },
    "site": "phone-factor",
    "version": "projects/576841479636/sites/phone-factor/versions/2741f7d4afbc24ab"
  }
]
[info] i  hosting[phone-factor]: finalizing version... 
[debug] [2022-05-08T15:26:46.346Z] >>> [apiv2][query] PATCH https://firebasehosting.googleapis.com/v1beta1/projects/576841479636/sites/phone-factor/versions/2741f7d4afbc24ab updateMask=status%2Cconfig
[debug] [2022-05-08T15:26:46.347Z] >>> [apiv2][body] PATCH https://firebasehosting.googleapis.com/v1beta1/projects/576841479636/sites/phone-factor/versions/2741f7d4afbc24ab {"status":"FINALIZED","config":{"rewrites":[{"glob":"**","path":"/index.html"}]}}
[debug] [2022-05-08T15:26:48.007Z] <<< [apiv2][status] PATCH https://firebasehosting.googleapis.com/v1beta1/projects/576841479636/sites/phone-factor/versions/2741f7d4afbc24ab 200
[debug] [2022-05-08T15:26:48.008Z] <<< [apiv2][body] PATCH https://firebasehosting.googleapis.com/v1beta1/projects/576841479636/sites/phone-factor/versions/2741f7d4afbc24ab {"name":"projects/576841479636/sites/phone-factor/versions/2741f7d4afbc24ab","status":"FINALIZED","config":{"rewrites":[{"glob":"**","path":"/index.html"}]},"labels":{"deployment-tool":"cli-firebase"},"createTime":"2022-05-08T15:26:44.293817Z","createUser":{"email":"issiam02415@gmail.com"},"finalizeTime":"2022-05-08T15:26:53.513335Z","finalizeUser":{"email":"issiam02415@gmail.com"}}
[debug] [2022-05-08T15:26:48.009Z] [hosting] finalized version for phone-factor:[object Object]
[info] +  hosting[phone-factor]: version finalized 
[info] i  hosting[phone-factor]: releasing new version... 
[debug] [2022-05-08T15:26:48.015Z] >>> [apiv2][query] POST https://firebasehosting.googleapis.com/v1beta1/projects/576841479636/sites/phone-factor/releases versionName=projects%2F576841479636%2Fsites%2Fphone-factor%2Fversions%2F2741f7d4afbc24ab
[debug] [2022-05-08T15:26:48.016Z] >>> [apiv2][body] POST https://firebasehosting.googleapis.com/v1beta1/projects/576841479636/sites/phone-factor/releases {"message":null}
[debug] [2022-05-08T15:26:49.704Z] <<< [apiv2][status] POST https://firebasehosting.googleapis.com/v1beta1/projects/576841479636/sites/phone-factor/releases 200
[debug] [2022-05-08T15:26:49.704Z] <<< [apiv2][body] POST https://firebasehosting.googleapis.com/v1beta1/projects/576841479636/sites/phone-factor/releases {"name":"projects/576841479636/sites/phone-factor/releases/1652023614599917","version":{"name":"projects/576841479636/sites/phone-factor/versions/2741f7d4afbc24ab","status":"FINALIZED","config":{"rewrites":[{"glob":"**","path":"/index.html"}]},"labels":{"deployment-tool":"cli-firebase"},"createTime":"2022-05-08T15:26:44.293817Z","createUser":{"email":"issiam02415@gmail.com","imageUrl":"https://lh3.googleusercontent.com/a-/AOh14GgbW7fmW8Ws01XyJm-Yk4TtDQ72J5-2kd-qhQDW3w"},"finalizeTime":"2022-05-08T15:26:53.513335Z","finalizeUser":{"email":"issiam02415@gmail.com","imageUrl":"https://lh3.googleusercontent.com/a-/AOh14GgbW7fmW8Ws01XyJm-Yk4TtDQ72J5-2kd-qhQDW3w"}},"type":"DEPLOY","releaseTime":"2022-05-08T15:26:54.599917233Z","releaseUser":{"email":"issiam02415@gmail.com","imageUrl":"https://lh3.googleusercontent.com/a-/AOh14GgbW7fmW8Ws01XyJm-Yk4TtDQ72J5-2kd-qhQDW3w"}}
[debug] [2022-05-08T15:26:49.704Z] [hosting] release: {"name":"projects/576841479636/sites/phone-factor/releases/1652023614599917","version":{"name":"projects/576841479636/sites/phone-factor/versions/2741f7d4afbc24ab","status":"FINALIZED","config":{"rewrites":[{"glob":"**","path":"/index.html"}]},"labels":{"deployment-tool":"cli-firebase"},"createTime":"2022-05-08T15:26:44.293817Z","createUser":{"email":"issiam02415@gmail.com","imageUrl":"https://lh3.googleusercontent.com/a-/AOh14GgbW7fmW8Ws01XyJm-Yk4TtDQ72J5-2kd-qhQDW3w"},"finalizeTime":"2022-05-08T15:26:53.513335Z","finalizeUser":{"email":"issiam02415@gmail.com","imageUrl":"https://lh3.googleusercontent.com/a-/AOh14GgbW7fmW8Ws01XyJm-Yk4TtDQ72J5-2kd-qhQDW3w"}},"type":"DEPLOY","releaseTime":"2022-05-08T15:26:54.599917233Z","releaseUser":{"email":"issiam02415@gmail.com","imageUrl":"https://lh3.googleusercontent.com/a-/AOh14GgbW7fmW8Ws01XyJm-Yk4TtDQ72J5-2kd-qhQDW3w"}}
[info] +  hosting[phone-factor]: release complete 
[info] 
[info] +  Deploy complete! 
[info] 
[info] Project Console: https://console.firebase.google.com/project/phone-factor/overview
[info] Hosting URL: https://phone-factor.web.app
